TN:
SF:relishTest.js
FN:11,(anonymous_0)
FN:12,(anonymous_1)
FN:16,(anonymous_2)
FN:17,(anonymous_3)
FN:21,(anonymous_4)
FN:34,(anonymous_5)
FN:44,(anonymous_6)
FN:58,(anonymous_7)
FN:72,(anonymous_8)
FN:76,(anonymous_9)
FNF:10
FNH:10
FNDA:16,(anonymous_0)
FNDA:24,(anonymous_1)
FNDA:6,(anonymous_2)
FNDA:24,(anonymous_3)
FNDA:12,(anonymous_4)
FNDA:3,(anonymous_5)
FNDA:4,(anonymous_6)
FNDA:3,(anonymous_7)
FNDA:14,(anonymous_8)
FNDA:33,(anonymous_9)
DA:2,2
DA:3,2
DA:9,2
DA:11,2
DA:12,16
DA:13,24
DA:16,2
DA:17,6
DA:18,24
DA:21,2
DA:22,12
DA:23,3
DA:24,3
DA:25,9
DA:26,0
DA:27,0
DA:29,9
DA:30,9
DA:31,9
DA:34,2
DA:35,3
DA:36,2
DA:37,2
DA:38,2
DA:40,1
DA:41,1
DA:44,2
DA:45,4
DA:46,2
DA:47,2
DA:48,2
DA:49,0
DA:50,0
DA:52,2
DA:53,2
DA:54,2
DA:55,2
DA:58,2
DA:59,3
DA:60,3
DA:61,2
DA:62,2
DA:63,2
DA:64,2
DA:65,2
DA:67,1
DA:68,1
DA:69,1
DA:72,2
DA:73,14
DA:74,14
DA:75,14
DA:76,14
DA:77,33
DA:78,33
DA:80,14
DA:81,5
DA:82,9
DA:83,1
DA:84,8
DA:85,1
DA:87,14
DA:91,1
DA:98,1
DA:99,1
DA:100,1
DA:101,1
DA:104,1
DA:107,1
DA:110,1
DA:113,1
DA:114,1
DA:117,1
DA:120,1
DA:121,1
DA:122,1
LF:76
LH:72
BRDA:22,0,0,3
BRDA:22,0,1,9
BRDA:22,1,0,12
BRDA:22,1,1,11
BRDA:25,2,0,0
BRDA:25,2,1,9
BRDA:35,3,0,2
BRDA:35,3,1,1
BRDA:45,4,0,2
BRDA:45,4,1,2
BRDA:48,5,0,0
BRDA:48,5,1,2
BRDA:60,6,0,2
BRDA:60,6,1,1
BRDA:80,7,0,5
BRDA:80,7,1,9
BRDA:80,8,0,14
BRDA:80,8,1,7
BRDA:82,9,0,1
BRDA:82,9,1,8
BRDA:82,10,0,9
BRDA:82,10,1,2
BRDA:84,11,0,1
BRDA:84,11,1,7
BRF:24
BRH:22
end_of_record
