{"/Users/pablolopez/Desktop/RelishTest/relishTest.js": {"path":"/Users/pablolopez/Desktop/RelishTest/relishTest.js","statementMap":{"0":{"start":{"line":2,"column":10},"end":{"line":2,"column":12}},"1":{"start":{"line":3,"column":12},"end":{"line":8,"column":3}},"2":{"start":{"line":9,"column":15},"end":{"line":9,"column":16}},"3":{"start":{"line":11,"column":17},"end":{"line":15,"column":3}},"4":{"start":{"line":12,"column":4},"end":{"line":14,"column":7}},"5":{"start":{"line":13,"column":8},"end":{"line":13,"column":34}},"6":{"start":{"line":16,"column":19},"end":{"line":20,"column":3}},"7":{"start":{"line":17,"column":4},"end":{"line":19,"column":7}},"8":{"start":{"line":18,"column":8},"end":{"line":18,"column":36}},"9":{"start":{"line":21,"column":12},"end":{"line":33,"column":3}},"10":{"start":{"line":22,"column":4},"end":{"line":32,"column":5}},"11":{"start":{"line":23,"column":8},"end":{"line":23,"column":107}},"12":{"start":{"line":24,"column":8},"end":{"line":24,"column":27}},"13":{"start":{"line":25,"column":10},"end":{"line":32,"column":5}},"14":{"start":{"line":26,"column":8},"end":{"line":26,"column":104}},"15":{"start":{"line":27,"column":8},"end":{"line":27,"column":27}},"16":{"start":{"line":29,"column":8},"end":{"line":29,"column":30}},"17":{"start":{"line":30,"column":8},"end":{"line":30,"column":60}},"18":{"start":{"line":31,"column":8},"end":{"line":31,"column":23}},"19":{"start":{"line":34,"column":15},"end":{"line":43,"column":3}},"20":{"start":{"line":35,"column":4},"end":{"line":42,"column":5}},"21":{"start":{"line":36,"column":8},"end":{"line":36,"column":55}},"22":{"start":{"line":37,"column":8},"end":{"line":37,"column":71}},"23":{"start":{"line":38,"column":8},"end":{"line":38,"column":25}},"24":{"start":{"line":40,"column":8},"end":{"line":40,"column":94}},"25":{"start":{"line":41,"column":8},"end":{"line":41,"column":29}},"26":{"start":{"line":44,"column":23},"end":{"line":57,"column":3}},"27":{"start":{"line":45,"column":4},"end":{"line":56,"column":5}},"28":{"start":{"line":46,"column":8},"end":{"line":46,"column":92}},"29":{"start":{"line":47,"column":8},"end":{"line":47,"column":29}},"30":{"start":{"line":48,"column":10},"end":{"line":56,"column":5}},"31":{"start":{"line":49,"column":8},"end":{"line":49,"column":157}},"32":{"start":{"line":50,"column":8},"end":{"line":50,"column":29}},"33":{"start":{"line":52,"column":26},"end":{"line":52,"column":72}},"34":{"start":{"line":53,"column":8},"end":{"line":53,"column":66}},"35":{"start":{"line":54,"column":8},"end":{"line":54,"column":115}},"36":{"start":{"line":55,"column":8},"end":{"line":55,"column":25}},"37":{"start":{"line":58,"column":16},"end":{"line":71,"column":3}},"38":{"start":{"line":59,"column":4},"end":{"line":59,"column":49}},"39":{"start":{"line":60,"column":4},"end":{"line":70,"column":5}},"40":{"start":{"line":61,"column":29},"end":{"line":61,"column":79}},"41":{"start":{"line":62,"column":8},"end":{"line":62,"column":64}},"42":{"start":{"line":63,"column":8},"end":{"line":63,"column":113}},"43":{"start":{"line":64,"column":8},"end":{"line":64,"column":66}},"44":{"start":{"line":65,"column":8},"end":{"line":65,"column":29}},"45":{"start":{"line":67,"column":8},"end":{"line":67,"column":88}},"46":{"start":{"line":68,"column":8},"end":{"line":68,"column":53}},"47":{"start":{"line":69,"column":8},"end":{"line":69,"column":31}},"48":{"start":{"line":72,"column":24},"end":{"line":88,"column":3}},"49":{"start":{"line":73,"column":20},"end":{"line":73,"column":21}},"50":{"start":{"line":74,"column":21},"end":{"line":74,"column":22}},"51":{"start":{"line":75,"column":19},"end":{"line":75,"column":20}},"52":{"start":{"line":76,"column":4},"end":{"line":79,"column":7}},"53":{"start":{"line":77,"column":6},"end":{"line":77,"column":47}},"54":{"start":{"line":78,"column":6},"end":{"line":78,"column":33}},"55":{"start":{"line":80,"column":4},"end":{"line":86,"column":5}},"56":{"start":{"line":81,"column":6},"end":{"line":81,"column":19}},"57":{"start":{"line":82,"column":11},"end":{"line":86,"column":5}},"58":{"start":{"line":83,"column":6},"end":{"line":83,"column":20}},"59":{"start":{"line":84,"column":11},"end":{"line":86,"column":5}},"60":{"start":{"line":85,"column":6},"end":{"line":85,"column":20}},"61":{"start":{"line":87,"column":4},"end":{"line":87,"column":58}},"62":{"start":{"line":91,"column":0},"end":{"line":91,"column":36}},"63":{"start":{"line":98,"column":11},"end":{"line":98,"column":29}},"64":{"start":{"line":99,"column":0},"end":{"line":99,"column":53}},"65":{"start":{"line":100,"column":0},"end":{"line":100,"column":54}},"66":{"start":{"line":101,"column":0},"end":{"line":101,"column":54}},"67":{"start":{"line":104,"column":0},"end":{"line":104,"column":56}},"68":{"start":{"line":107,"column":0},"end":{"line":107,"column":53}},"69":{"start":{"line":110,"column":0},"end":{"line":110,"column":56}},"70":{"start":{"line":113,"column":0},"end":{"line":113,"column":25}},"71":{"start":{"line":114,"column":0},"end":{"line":114,"column":56}},"72":{"start":{"line":117,"column":0},"end":{"line":117,"column":36}},"73":{"start":{"line":120,"column":0},"end":{"line":120,"column":55}},"74":{"start":{"line":121,"column":0},"end":{"line":121,"column":37}},"75":{"start":{"line":122,"column":0},"end":{"line":122,"column":55}}},"fnMap":{"0":{"name":"(anonymous_0)","decl":{"start":{"line":11,"column":17},"end":{"line":11,"column":18}},"loc":{"start":{"line":11,"column":34},"end":{"line":15,"column":3}},"line":11},"1":{"name":"(anonymous_1)","decl":{"start":{"line":12,"column":33},"end":{"line":12,"column":34}},"loc":{"start":{"line":12,"column":41},"end":{"line":14,"column":5}},"line":12},"2":{"name":"(anonymous_2)","decl":{"start":{"line":16,"column":19},"end":{"line":16,"column":20}},"loc":{"start":{"line":16,"column":34},"end":{"line":20,"column":3}},"line":16},"3":{"name":"(anonymous_3)","decl":{"start":{"line":17,"column":35},"end":{"line":17,"column":36}},"loc":{"start":{"line":17,"column":45},"end":{"line":19,"column":5}},"line":17},"4":{"name":"(anonymous_4)","decl":{"start":{"line":21,"column":12},"end":{"line":21,"column":13}},"loc":{"start":{"line":21,"column":28},"end":{"line":33,"column":3}},"line":21},"5":{"name":"(anonymous_5)","decl":{"start":{"line":34,"column":15},"end":{"line":34,"column":16}},"loc":{"start":{"line":34,"column":33},"end":{"line":43,"column":3}},"line":34},"6":{"name":"(anonymous_6)","decl":{"start":{"line":44,"column":23},"end":{"line":44,"column":24}},"loc":{"start":{"line":44,"column":51},"end":{"line":57,"column":3}},"line":44},"7":{"name":"(anonymous_7)","decl":{"start":{"line":58,"column":16},"end":{"line":58,"column":17}},"loc":{"start":{"line":58,"column":34},"end":{"line":71,"column":3}},"line":58},"8":{"name":"(anonymous_8)","decl":{"start":{"line":72,"column":24},"end":{"line":72,"column":25}},"loc":{"start":{"line":72,"column":36},"end":{"line":88,"column":3}},"line":72},"9":{"name":"(anonymous_9)","decl":{"start":{"line":76,"column":23},"end":{"line":76,"column":24}},"loc":{"start":{"line":76,"column":33},"end":{"line":79,"column":5}},"line":76}},"branchMap":{"0":{"loc":{"start":{"line":22,"column":4},"end":{"line":32,"column":5}},"type":"if","locations":[{"start":{"line":22,"column":4},"end":{"line":32,"column":5}},{"start":{"line":25,"column":10},"end":{"line":32,"column":5}}],"line":22},"1":{"loc":{"start":{"line":22,"column":7},"end":{"line":22,"column":44}},"type":"binary-expr","locations":[{"start":{"line":22,"column":7},"end":{"line":22,"column":25}},{"start":{"line":22,"column":29},"end":{"line":22,"column":44}}],"line":22},"2":{"loc":{"start":{"line":25,"column":10},"end":{"line":32,"column":5}},"type":"if","locations":[{"start":{"line":25,"column":10},"end":{"line":32,"column":5}},{"start":{"line":28,"column":9},"end":{"line":32,"column":5}}],"line":25},"3":{"loc":{"start":{"line":35,"column":4},"end":{"line":42,"column":5}},"type":"if","locations":[{"start":{"line":35,"column":4},"end":{"line":42,"column":5}},{"start":{"line":39,"column":9},"end":{"line":42,"column":5}}],"line":35},"4":{"loc":{"start":{"line":45,"column":4},"end":{"line":56,"column":5}},"type":"if","locations":[{"start":{"line":45,"column":4},"end":{"line":56,"column":5}},{"start":{"line":48,"column":10},"end":{"line":56,"column":5}}],"line":45},"5":{"loc":{"start":{"line":48,"column":10},"end":{"line":56,"column":5}},"type":"if","locations":[{"start":{"line":48,"column":10},"end":{"line":56,"column":5}},{"start":{"line":51,"column":9},"end":{"line":56,"column":5}}],"line":48},"6":{"loc":{"start":{"line":60,"column":4},"end":{"line":70,"column":5}},"type":"if","locations":[{"start":{"line":60,"column":4},"end":{"line":70,"column":5}},{"start":{"line":66,"column":9},"end":{"line":70,"column":5}}],"line":60},"7":{"loc":{"start":{"line":80,"column":4},"end":{"line":86,"column":5}},"type":"if","locations":[{"start":{"line":80,"column":4},"end":{"line":86,"column":5}},{"start":{"line":82,"column":11},"end":{"line":86,"column":5}}],"line":80},"8":{"loc":{"start":{"line":80,"column":8},"end":{"line":80,"column":40}},"type":"binary-expr","locations":[{"start":{"line":80,"column":8},"end":{"line":80,"column":22}},{"start":{"line":80,"column":26},"end":{"line":80,"column":40}}],"line":80},"9":{"loc":{"start":{"line":82,"column":11},"end":{"line":86,"column":5}},"type":"if","locations":[{"start":{"line":82,"column":11},"end":{"line":86,"column":5}},{"start":{"line":84,"column":11},"end":{"line":86,"column":5}}],"line":82},"10":{"loc":{"start":{"line":82,"column":15},"end":{"line":82,"column":48}},"type":"binary-expr","locations":[{"start":{"line":82,"column":15},"end":{"line":82,"column":30}},{"start":{"line":82,"column":34},"end":{"line":82,"column":48}}],"line":82},"11":{"loc":{"start":{"line":84,"column":11},"end":{"line":86,"column":5}},"type":"if","locations":[{"start":{"line":84,"column":11},"end":{"line":86,"column":5}},{"start":{},"end":{}}],"line":84}},"s":{"0":2,"1":2,"2":2,"3":2,"4":16,"5":24,"6":2,"7":6,"8":24,"9":2,"10":12,"11":3,"12":3,"13":9,"14":0,"15":0,"16":9,"17":9,"18":9,"19":2,"20":3,"21":2,"22":2,"23":2,"24":1,"25":1,"26":2,"27":4,"28":2,"29":2,"30":2,"31":0,"32":0,"33":2,"34":2,"35":2,"36":2,"37":2,"38":3,"39":3,"40":2,"41":2,"42":2,"43":2,"44":2,"45":1,"46":1,"47":1,"48":2,"49":14,"50":14,"51":14,"52":14,"53":33,"54":33,"55":14,"56":5,"57":9,"58":1,"59":8,"60":1,"61":14,"62":1,"63":1,"64":1,"65":1,"66":1,"67":1,"68":1,"69":1,"70":1,"71":1,"72":1,"73":1,"74":1,"75":1},"f":{"0":16,"1":24,"2":6,"3":24,"4":12,"5":3,"6":4,"7":3,"8":14,"9":33},"b":{"0":[3,9],"1":[12,11],"2":[0,9],"3":[2,1],"4":[2,2],"5":[0,2],"6":[2,1],"7":[5,9],"8":[14,7],"9":[1,8],"10":[9,2],"11":[1,7]},"_coverageSchema":"1a1c01bbd47fc00a2c39e90264f33305004495a9","hash":"34e12be7257ffbc584a2ba1685957de39424196d"}
}
